Flutter crash report.
Please report a bug at https://github.com/flutter/flutter/issues.

## command

flutter pub remove flutter_local_notifications

## exception

PathNotFoundException: PathNotFoundException: Deletion failed, path = '/Users/A200278143/Desktop/mobile/Haravara/haravara/windows/flutter/ephemeral/.plugin_symlinks' (OS Error: No such file or directory, errno = 2)

```
#0      _Directory._deleteSync (dart:io/directory_impl.dart:188:7)
#1      FileSystemEntity.deleteSync (dart:io/file_system_entity.dart:407:7)
#2      ForwardingFileSystemEntity.deleteSync (package:file/src/forwarding/forwarding_file_system_entity.dart:70:16)
#3      ErrorHandlingDirectory.deleteSync.<anonymous closure> (package:flutter_tools/src/base/error_handling_io.dart:479:22)
#4      _runSync (package:flutter_tools/src/base/error_handling_io.dart:587:14)
#5      ErrorHandlingDirectory.deleteSync (package:flutter_tools/src/base/error_handling_io.dart:478:12)
#6      _createPlatformPluginSymlinks (package:flutter_tools/src/flutter_plugins.dart:1076:22)
#7      createPluginSymlinks (package:flutter_tools/src/flutter_plugins.dart:1012:5)
#8      refreshPluginsList (package:flutter_tools/src/flutter_plugins.dart:1122:5)
<asynchronous suspension>
#9      FlutterProject.ensureReadyForPlatformSpecificTooling (package:flutter_tools/src/project.dart:369:5)
<asynchronous suspension>
#10     PackagesGetCommand.runCommand (package:flutter_tools/src/commands/packages.dart:382:7)
<asynchronous suspension>
#11     FlutterCommand.run.<anonymous closure> (package:flutter_tools/src/runner/flutter_command.dart:1389:27)
<asynchronous suspension>
#12     AppContext.run.<anonymous closure> (package:flutter_tools/src/base/context.dart:153:19)
<asynchronous suspension>
#13     CommandRunner.runCommand (package:args/command_runner.dart:212:13)
<asynchronous suspension>
#14     FlutterCommandRunner.runCommand.<anonymous closure> (package:flutter_tools/src/runner/flutter_command_runner.dart:355:9)
<asynchronous suspension>
#15     AppContext.run.<anonymous closure> (package:flutter_tools/src/base/context.dart:153:19)
<asynchronous suspension>
#16     FlutterCommandRunner.runCommand (package:flutter_tools/src/runner/flutter_command_runner.dart:295:5)
<asynchronous suspension>
#17     run.<anonymous closure>.<anonymous closure> (package:flutter_tools/runner.dart:119:9)
<asynchronous suspension>
#18     AppContext.run.<anonymous closure> (package:flutter_tools/src/base/context.dart:153:19)
<asynchronous suspension>
#19     main (package:flutter_tools/executable.dart:90:3)
<asynchronous suspension>
```

## flutter doctor

```
[32m[✓][39m Flutter (Channel stable, 3.19.5, on macOS 14.3.1 23D60 darwin-arm64, locale en-SK)
    [32m•[39m Flutter version 3.19.5 on channel stable at /Users/A200278143/Desktop/mobile/flutter
    [32m•[39m Upstream repository https://github.com/flutter/flutter.git
    [32m•[39m Framework revision 300451adae (3 weeks ago), 2024-03-27 21:54:07 -0500
    [32m•[39m Engine revision e76c956498
    [32m•[39m Dart version 3.3.3
    [32m•[39m DevTools version 2.31.1

[32m[✓][39m Android toolchain - develop for Android devices (Android SDK version 34.0.0)
    [32m•[39m Android SDK at /Users/A200278143/Library/Android/sdk
    [32m•[39m Platform android-34, build-tools 34.0.0
    [32m•[39m Java binary at: /Applications/Android Studio.app/Contents/jbr/Contents/Home/bin/java
    [32m•[39m Java version OpenJDK Runtime Environment (build 17.0.7+0-17.0.7b1000.6-10550314)
    [32m•[39m All Android licenses accepted.

[32m[✓][39m Xcode - develop for iOS and macOS (Xcode 15.2)
    [32m•[39m Xcode at /Applications/Xcode.app/Contents/Developer
    [32m•[39m Build 15C500b
    [32m•[39m CocoaPods version 1.15.2

[32m[✓][39m Chrome - develop for the web
    [32m•[39m Chrome at /Applications/Google Chrome.app/Contents/MacOS/Google Chrome

[32m[✓][39m Android Studio (version 2023.1)
    [32m•[39m Android Studio at /Applications/Android Studio.app/Contents
    [32m•[39m Flutter plugin can be installed from:
      🔨 https://plugins.jetbrains.com/plugin/9212-flutter
    [32m•[39m Dart plugin can be installed from:
      🔨 https://plugins.jetbrains.com/plugin/6351-dart
    [32m•[39m Java version OpenJDK Runtime Environment (build 17.0.7+0-17.0.7b1000.6-10550314)

[32m[✓][39m VS Code (version 1.88.0)
    [32m•[39m VS Code at /Users/A200278143/Desktop/Visual Studio Code.app/Contents
    [32m•[39m Flutter extension version 3.86.0

[32m[✓][39m Connected device (3 available)
    [32m•[39m sdk gphone64 arm64 (mobile) • emulator-5554 • android-arm64  • Android 14 (API 34)
      (emulator)
    [32m•[39m macOS (desktop)             • macos         • darwin-arm64   • macOS 14.3.1 23D60
      darwin-arm64
    [32m•[39m Chrome (web)                • chrome        • web-javascript • Google Chrome 123.0.6312.123
    [33m![39m Error: Browsing on the local area network for iPhone. Ensure the device is unlocked and
      attached with a cable or associated with the same local area network as this Mac.
      The device must be opted into Developer Mode to connect wirelessly. (code -27)
    [33m![39m Error: Browsing on the local area network for Danil’s Apple Watch. Ensure the device is
      unlocked and discoverable via Bluetooth. (code -27)

[32m[✓][39m Network resources
    [32m•[39m All expected network resources are available.

[32m•[39m No issues found!
```
